2014/03/22 16:35:57 [error] [php] date(): It is not safe to rely on the system's timezone settings. You are *required* to use the date.timezone setting or the date_default_timezone_set() function. In case you used any of those methods and you are still getting this warning, you most likely misspelled the timezone identifier. We selected the timezone 'UTC' for now, but please set date.timezone to select your timezone. (/var/www/workspace_php/horse-bank/protected/views/layouts/main.php:51)
Stack trace:
#0 /var/www/yii/framework/web/CBaseController.php(95): SiteController->renderInternal()
#1 /var/www/yii/framework/web/widgets/CContentDecorator.php(76): SiteController->renderFile()
#2 /var/www/yii/framework/web/widgets/CContentDecorator.php(54): CContentDecorator->decorate()
#3 /var/www/yii/framework/web/widgets/COutputProcessor.php(44): CContentDecorator->processOutput()
#4 /var/www/yii/framework/web/CBaseController.php(206): CContentDecorator->run()
#5 /var/www/yii/framework/web/CBaseController.php(300): SiteController->endWidget()
#6 /var/www/workspace_php/horse-bank/protected/views/layouts/column1.php(6): SiteController->endContent()
#7 /var/www/yii/framework/web/CBaseController.php(126): require()
#8 /var/www/yii/framework/web/CBaseController.php(95): SiteController->renderInternal()
#9 /var/www/yii/framework/web/CController.php(784): SiteController->renderFile()
#10 /var/www/workspace_php/horse-bank/protected/controllers/SiteController.php(32): SiteController->render()
#11 /var/www/yii/framework/web/actions/CInlineAction.php(49): SiteController->actionIndex()
#12 /var/www/yii/framework/web/CController.php(308): CInlineAction->runWithParams()
#13 /var/www/yii/framework/web/CController.php(286): SiteController->runAction()
#14 /var/www/yii/framework/web/CController.php(265): SiteController->runActionWithFilters()
#15 /var/www/yii/framework/web/CWebApplication.php(282): SiteController->run()
#16 /var/www/yii/framework/web/CWebApplication.php(141): CWebApplication->runController()
#17 /var/www/yii/framework/base/CApplication.php(180): CWebApplication->processRequest()
#18 /var/www/workspace_php/horse-bank/index.php(13): CWebApplication->run()
REQUEST_URI=/workspace_php/horse-bank/
in /var/www/workspace_php/horse-bank/protected/views/layouts/main.php (51)
in /var/www/workspace_php/horse-bank/protected/views/layouts/column1.php (6)
in /var/www/workspace_php/horse-bank/protected/controllers/SiteController.php (32)
2014/03/22 14:55:48 [error] [exception.CHttpException.404] exception 'CHttpException' with message 'Não foi possível resolver a requisição "provider/index".' in C:\xampp\htdocs\yii\framework\web\CWebApplication.php:286
Stack trace:
#0 C:\xampp\htdocs\yii\framework\web\CWebApplication.php(141): CWebApplication->runController('provider/index')
#1 C:\xampp\htdocs\yii\framework\base\CApplication.php(180): CWebApplication->processRequest()
#2 C:\xampp\htdocs\workspace_php\horse-bank\index.php(15): CApplication->run()
#3 {main}
REQUEST_URI=/workspace_php/horse-bank/index.php/provider/index
HTTP_REFERER=http://localhost/workspace_php/horse-bank/index.php/site/page?view=about
---
2014/03/22 14:55:49 [error] [exception.CHttpException.404] exception 'CHttpException' with message 'Não foi possível resolver a requisição "clothing/index".' in C:\xampp\htdocs\yii\framework\web\CWebApplication.php:286
Stack trace:
#0 C:\xampp\htdocs\yii\framework\web\CWebApplication.php(141): CWebApplication->runController('clothing/index')
#1 C:\xampp\htdocs\yii\framework\base\CApplication.php(180): CWebApplication->processRequest()
#2 C:\xampp\htdocs\workspace_php\horse-bank\index.php(15): CApplication->run()
#3 {main}
REQUEST_URI=/workspace_php/horse-bank/index.php/clothing/index
HTTP_REFERER=http://localhost/workspace_php/horse-bank/index.php/site/page?view=about
---
2014/03/22 14:55:49 [error] [exception.CHttpException.404] exception 'CHttpException' with message 'Não foi possível resolver a requisição "feedstock/index".' in C:\xampp\htdocs\yii\framework\web\CWebApplication.php:286
Stack trace:
#0 C:\xampp\htdocs\yii\framework\web\CWebApplication.php(141): CWebApplication->runController('feedstock/index')
#1 C:\xampp\htdocs\yii\framework\base\CApplication.php(180): CWebApplication->processRequest()
#2 C:\xampp\htdocs\workspace_php\horse-bank\index.php(15): CApplication->run()
#3 {main}
REQUEST_URI=/workspace_php/horse-bank/index.php/feedstock/index
HTTP_REFERER=http://localhost/workspace_php/horse-bank/index.php/site/page?view=about
---
2014/03/22 14:55:47 [error] [exception.CHttpException.404] exception 'CHttpException' with message 'Não foi possível resolver a requisição "provider/index".' in C:\xampp\htdocs\yii\framework\web\CWebApplication.php:286
Stack trace:
#0 C:\xampp\htdocs\yii\framework\web\CWebApplication.php(141): CWebApplication->runController('provider/index')
#1 C:\xampp\htdocs\yii\framework\base\CApplication.php(180): CWebApplication->processRequest()
#2 C:\xampp\htdocs\workspace_php\horse-bank\index.php(15): CApplication->run()
#3 {main}
REQUEST_URI=/workspace_php/horse-bank/index.php/provider/index
HTTP_REFERER=http://localhost/workspace_php/horse-bank/index.php/site/page?view=about
---
2014/03/22 14:55:45 [error] [exception.CHttpException.404] exception 'CHttpException' with message 'Não foi possível resolver a requisição "user/index".' in C:\xampp\htdocs\yii\framework\web\CWebApplication.php:286
Stack trace:
#0 C:\xampp\htdocs\yii\framework\web\CWebApplication.php(141): CWebApplication->runController('user/index')
#1 C:\xampp\htdocs\yii\framework\base\CApplication.php(180): CWebApplication->processRequest()
#2 C:\xampp\htdocs\workspace_php\horse-bank\index.php(15): CApplication->run()
#3 {main}
REQUEST_URI=/workspace_php/horse-bank/index.php/user/index
HTTP_REFERER=http://localhost/workspace_php/horse-bank/index.php/site/page?view=about
---
2014/03/22 15:12:35 [error] [exception.CHttpException.404] exception 'CHttpException' with message 'Não foi possível resolver a requisição "user/index".' in C:\xampp\htdocs\yii\framework\web\CWebApplication.php:286
Stack trace:
#0 C:\xampp\htdocs\yii\framework\web\CWebApplication.php(141): CWebApplication->runController('user/index')
#1 C:\xampp\htdocs\yii\framework\base\CApplication.php(180): CWebApplication->processRequest()
#2 C:\xampp\htdocs\workspace_php\horse-bank\index.php(15): CApplication->run()
#3 {main}
REQUEST_URI=/workspace_php/horse-bank/index.php/user/index
HTTP_REFERER=http://localhost/workspace_php/horse-bank/index.php
---
2014/03/22 15:12:36 [error] [exception.CHttpException.404] exception 'CHttpException' with message 'Não foi possível resolver a requisição "provider/index".' in C:\xampp\htdocs\yii\framework\web\CWebApplication.php:286
Stack trace:
#0 C:\xampp\htdocs\yii\framework\web\CWebApplication.php(141): CWebApplication->runController('provider/index')
#1 C:\xampp\htdocs\yii\framework\base\CApplication.php(180): CWebApplication->processRequest()
#2 C:\xampp\htdocs\workspace_php\horse-bank\index.php(15): CApplication->run()
#3 {main}
REQUEST_URI=/workspace_php/horse-bank/index.php/provider/index
HTTP_REFERER=http://localhost/workspace_php/horse-bank/index.php/user/index
---
2014/03/22 15:12:38 [error] [exception.CHttpException.404] exception 'CHttpException' with message 'Não foi possível resolver a requisição "clothing/index".' in C:\xampp\htdocs\yii\framework\web\CWebApplication.php:286
Stack trace:
#0 C:\xampp\htdocs\yii\framework\web\CWebApplication.php(141): CWebApplication->runController('clothing/index')
#1 C:\xampp\htdocs\yii\framework\base\CApplication.php(180): CWebApplication->processRequest()
#2 C:\xampp\htdocs\workspace_php\horse-bank\index.php(15): CApplication->run()
#3 {main}
REQUEST_URI=/workspace_php/horse-bank/index.php/clothing/index
HTTP_REFERER=http://localhost/workspace_php/horse-bank/index.php/provider/index
---
2014/03/22 15:43:42 [error] [exception.CHttpException.404] exception 'CHttpException' with message 'Não foi possível resolver a requisição "provider/index".' in C:\xampp\htdocs\yii\framework\web\CWebApplication.php:286
Stack trace:
#0 C:\xampp\htdocs\yii\framework\web\CWebApplication.php(141): CWebApplication->runController('provider/index')
#1 C:\xampp\htdocs\yii\framework\base\CApplication.php(180): CWebApplication->processRequest()
#2 C:\xampp\htdocs\workspace_php\horse-bank\index.php(15): CApplication->run()
#3 {main}
REQUEST_URI=/workspace_php/horse-bank/index.php/provider/index
HTTP_REFERER=http://localhost/workspace_php/horse-bank/index.php/site/page?view=about
---
2014/03/22 15:51:31 [error] [exception.CHttpException.404] exception 'CHttpException' with message 'Não foi possível resolver a requisição "clothing/index".' in C:\xampp\htdocs\yii\framework\web\CWebApplication.php:286
Stack trace:
#0 C:\xampp\htdocs\yii\framework\web\CWebApplication.php(141): CWebApplication->runController('clothing/index')
#1 C:\xampp\htdocs\yii\framework\base\CApplication.php(180): CWebApplication->processRequest()
#2 C:\xampp\htdocs\workspace_php\horse-bank\index.php(15): CApplication->run()
#3 {main}
REQUEST_URI=/workspace_php/horse-bank/index.php/clothing/index
HTTP_REFERER=http://localhost/workspace_php/horse-bank/index.php/site/login
---
2014/03/22 15:51:38 [error] [exception.CHttpException.404] exception 'CHttpException' with message 'Não foi possível resolver a requisição "clothing/index".' in C:\xampp\htdocs\yii\framework\web\CWebApplication.php:286
Stack trace:
#0 C:\xampp\htdocs\yii\framework\web\CWebApplication.php(141): CWebApplication->runController('clothing/index')
#1 C:\xampp\htdocs\yii\framework\base\CApplication.php(180): CWebApplication->processRequest()
#2 C:\xampp\htdocs\workspace_php\horse-bank\index.php(15): CApplication->run()
#3 {main}
REQUEST_URI=/workspace_php/horse-bank/index.php/clothing/index
HTTP_REFERER=http://localhost/workspace_php/horse-bank/index.php/site/contact
---
2014/03/22 15:51:41 [error] [exception.CHttpException.404] exception 'CHttpException' with message 'Não foi possível resolver a requisição "feedstock/index".' in C:\xampp\htdocs\yii\framework\web\CWebApplication.php:286
Stack trace:
#0 C:\xampp\htdocs\yii\framework\web\CWebApplication.php(141): CWebApplication->runController('feedstock/index')
#1 C:\xampp\htdocs\yii\framework\base\CApplication.php(180): CWebApplication->processRequest()
#2 C:\xampp\htdocs\workspace_php\horse-bank\index.php(15): CApplication->run()
#3 {main}
REQUEST_URI=/workspace_php/horse-bank/index.php/feedstock/index
HTTP_REFERER=http://localhost/workspace_php/horse-bank/index.php/clothing/index
---
2014/03/22 15:52:17 [error] [exception.CHttpException.404] exception 'CHttpException' with message 'Não foi possível resolver a requisição "feedstock/index".' in C:\xampp\htdocs\yii\framework\web\CWebApplication.php:286
Stack trace:
#0 C:\xampp\htdocs\yii\framework\web\CWebApplication.php(141): CWebApplication->runController('feedstock/index')
#1 C:\xampp\htdocs\yii\framework\base\CApplication.php(180): CWebApplication->processRequest()
#2 C:\xampp\htdocs\workspace_php\horse-bank\index.php(15): CApplication->run()
#3 {main}
REQUEST_URI=/workspace_php/horse-bank/index.php/feedstock/index
HTTP_REFERER=http://localhost/workspace_php/horse-bank/index.php/site/page?view=about
---
2014/03/22 15:55:57 [error] [exception.CHttpException.404] exception 'CHttpException' with message 'Não foi possível resolver a requisição "provider/index".' in C:\xampp\htdocs\yii\framework\web\CWebApplication.php:286
Stack trace:
#0 C:\xampp\htdocs\yii\framework\web\CWebApplication.php(141): CWebApplication->runController('provider/index')
#1 C:\xampp\htdocs\yii\framework\base\CApplication.php(180): CWebApplication->processRequest()
#2 C:\xampp\htdocs\workspace_php\horse-bank\index.php(15): CApplication->run()
#3 {main}
REQUEST_URI=/workspace_php/horse-bank/index.php/provider/index
HTTP_REFERER=http://localhost/workspace_php/horse-bank/index.php/site/login
---
2014/03/22 15:56:59 [error] [exception.CHttpException.404] exception 'CHttpException' with message 'Não foi possível resolver a requisição "provider/index".' in C:\xampp\htdocs\yii\framework\web\CWebApplication.php:286
Stack trace:
#0 C:\xampp\htdocs\yii\framework\web\CWebApplication.php(141): CWebApplication->runController('provider/index')
#1 C:\xampp\htdocs\yii\framework\base\CApplication.php(180): CWebApplication->processRequest()
#2 C:\xampp\htdocs\workspace_php\horse-bank\index.php(15): CApplication->run()
#3 {main}
REQUEST_URI=/workspace_php/horse-bank/index.php/provider/index
HTTP_REFERER=http://localhost/workspace_php/horse-bank/index.php/site/login
---
2014/03/22 15:59:56 [error] [exception.CHttpException.404] exception 'CHttpException' with message 'Não foi possível resolver a requisição "feedstock/index".' in C:\xampp\htdocs\yii\framework\web\CWebApplication.php:286
Stack trace:
#0 C:\xampp\htdocs\yii\framework\web\CWebApplication.php(141): CWebApplication->runController('feedstock/index')
#1 C:\xampp\htdocs\yii\framework\base\CApplication.php(180): CWebApplication->processRequest()
#2 C:\xampp\htdocs\workspace_php\horse-bank\index.php(15): CApplication->run()
#3 {main}
REQUEST_URI=/workspace_php/horse-bank/index.php/feedstock/index
HTTP_REFERER=http://localhost/workspace_php/horse-bank/index.php/site/contact
---
2014/03/22 15:59:59 [error] [exception.CHttpException.404] exception 'CHttpException' with message 'Não foi possível resolver a requisição "clothing/index".' in C:\xampp\htdocs\yii\framework\web\CWebApplication.php:286
Stack trace:
#0 C:\xampp\htdocs\yii\framework\web\CWebApplication.php(141): CWebApplication->runController('clothing/index')
#1 C:\xampp\htdocs\yii\framework\base\CApplication.php(180): CWebApplication->processRequest()
#2 C:\xampp\htdocs\workspace_php\horse-bank\index.php(15): CApplication->run()
#3 {main}
REQUEST_URI=/workspace_php/horse-bank/index.php/clothing/index
HTTP_REFERER=http://localhost/workspace_php/horse-bank/index.php/feedstock/index
---
2014/03/22 16:00:29 [error] [exception.CHttpException.404] exception 'CHttpException' with message 'Não foi possível resolver a requisição "provider/index".' in C:\xampp\htdocs\yii\framework\web\CWebApplication.php:286
Stack trace:
#0 C:\xampp\htdocs\yii\framework\web\CWebApplication.php(141): CWebApplication->runController('provider/index')
#1 C:\xampp\htdocs\yii\framework\base\CApplication.php(180): CWebApplication->processRequest()
#2 C:\xampp\htdocs\workspace_php\horse-bank\index.php(15): CApplication->run()
#3 {main}
REQUEST_URI=/workspace_php/horse-bank/index.php/provider/index
HTTP_REFERER=http://localhost/workspace_php/horse-bank/index.php/site/contact
---
2014/03/22 16:00:46 [error] [exception.CHttpException.404] exception 'CHttpException' with message 'Não foi possível resolver a requisição "provider/index".' in C:\xampp\htdocs\yii\framework\web\CWebApplication.php:286
Stack trace:
#0 C:\xampp\htdocs\yii\framework\web\CWebApplication.php(141): CWebApplication->runController('provider/index')
#1 C:\xampp\htdocs\yii\framework\base\CApplication.php(180): CWebApplication->processRequest()
#2 C:\xampp\htdocs\workspace_php\horse-bank\index.php(15): CApplication->run()
#3 {main}
REQUEST_URI=/workspace_php/horse-bank/index.php/provider/index
HTTP_REFERER=http://localhost/workspace_php/horse-bank/index.php/site/contact
---
2014/03/22 16:01:45 [error] [exception.CHttpException.404] exception 'CHttpException' with message 'Não foi possível resolver a requisição "provider/index".' in C:\xampp\htdocs\yii\framework\web\CWebApplication.php:286
Stack trace:
#0 C:\xampp\htdocs\yii\framework\web\CWebApplication.php(141): CWebApplication->runController('provider/index')
#1 C:\xampp\htdocs\yii\framework\base\CApplication.php(180): CWebApplication->processRequest()
#2 C:\xampp\htdocs\workspace_php\horse-bank\index.php(15): CApplication->run()
#3 {main}
REQUEST_URI=/workspace_php/horse-bank/index.php/provider/index
HTTP_REFERER=http://localhost/workspace_php/horse-bank/index.php/site/contact
---
2014/03/22 16:02:16 [error] [exception.CHttpException.404] exception 'CHttpException' with message 'Não foi possível resolver a requisição "provider/index".' in C:\xampp\htdocs\yii\framework\web\CWebApplication.php:286
Stack trace:
#0 C:\xampp\htdocs\yii\framework\web\CWebApplication.php(141): CWebApplication->runController('provider/index')
#1 C:\xampp\htdocs\yii\framework\base\CApplication.php(180): CWebApplication->processRequest()
#2 C:\xampp\htdocs\workspace_php\horse-bank\index.php(15): CApplication->run()
#3 {main}
REQUEST_URI=/workspace_php/horse-bank/index.php/provider/index
HTTP_REFERER=http://localhost/workspace_php/horse-bank/index.php/site/contact
---
2014/03/22 16:02:25 [error] [exception.CHttpException.404] exception 'CHttpException' with message 'Não foi possível resolver a requisição "clothing/index".' in C:\xampp\htdocs\yii\framework\web\CWebApplication.php:286
Stack trace:
#0 C:\xampp\htdocs\yii\framework\web\CWebApplication.php(141): CWebApplication->runController('clothing/index')
#1 C:\xampp\htdocs\yii\framework\base\CApplication.php(180): CWebApplication->processRequest()
#2 C:\xampp\htdocs\workspace_php\horse-bank\index.php(15): CApplication->run()
#3 {main}
REQUEST_URI=/workspace_php/horse-bank/index.php/clothing/index
HTTP_REFERER=http://localhost/workspace_php/horse-bank/index.php/provider/index
---
2014/03/22 16:11:52 [error] [exception.CHttpException.404] exception 'CHttpException' with message 'Não foi possível resolver a requisição "feedstock/index".' in C:\xampp\htdocs\yii\framework\web\CWebApplication.php:286
Stack trace:
#0 C:\xampp\htdocs\yii\framework\web\CWebApplication.php(141): CWebApplication->runController('feedstock/index')
#1 C:\xampp\htdocs\yii\framework\base\CApplication.php(180): CWebApplication->processRequest()
#2 C:\xampp\htdocs\workspace_php\horse-bank\index.php(15): CApplication->run()
#3 {main}
REQUEST_URI=/workspace_php/horse-bank/index.php/feedstock/index
HTTP_REFERER=http://localhost/workspace_php/horse-bank/index.php/site/contact
---
2014/03/22 16:47:57 [error] [exception.CHttpException.404] exception 'CHttpException' with message 'Não foi possível resolver a requisição "user/index".' in C:\xampp\htdocs\yii\framework\web\CWebApplication.php:286
Stack trace:
#0 C:\xampp\htdocs\yii\framework\web\CWebApplication.php(141): CWebApplication->runController('user/index')
#1 C:\xampp\htdocs\yii\framework\base\CApplication.php(180): CWebApplication->processRequest()
#2 C:\xampp\htdocs\workspace_php\horse-bank\index.php(15): CApplication->run()
#3 {main}
REQUEST_URI=/workspace_php/horse-bank/index.php/user/index
HTTP_REFERER=http://localhost/workspace_php/horse-bank/index.php/site/page?view=about
---
2014/03/22 16:47:59 [error] [exception.CHttpException.404] exception 'CHttpException' with message 'Não foi possível resolver a requisição "provider/index".' in C:\xampp\htdocs\yii\framework\web\CWebApplication.php:286
Stack trace:
#0 C:\xampp\htdocs\yii\framework\web\CWebApplication.php(141): CWebApplication->runController('provider/index')
#1 C:\xampp\htdocs\yii\framework\base\CApplication.php(180): CWebApplication->processRequest()
#2 C:\xampp\htdocs\workspace_php\horse-bank\index.php(15): CApplication->run()
#3 {main}
REQUEST_URI=/workspace_php/horse-bank/index.php/provider/index
HTTP_REFERER=http://localhost/workspace_php/horse-bank/index.php/user/index
---
2014/03/22 16:48:00 [error] [exception.CHttpException.404] exception 'CHttpException' with message 'Não foi possível resolver a requisição "feedstock/index".' in C:\xampp\htdocs\yii\framework\web\CWebApplication.php:286
Stack trace:
#0 C:\xampp\htdocs\yii\framework\web\CWebApplication.php(141): CWebApplication->runController('feedstock/index')
#1 C:\xampp\htdocs\yii\framework\base\CApplication.php(180): CWebApplication->processRequest()
#2 C:\xampp\htdocs\workspace_php\horse-bank\index.php(15): CApplication->run()
#3 {main}
REQUEST_URI=/workspace_php/horse-bank/index.php/feedstock/index
HTTP_REFERER=http://localhost/workspace_php/horse-bank/index.php/provider/index
---
2014/03/22 16:48:02 [error] [exception.CHttpException.404] exception 'CHttpException' with message 'Não foi possível resolver a requisição "clothing/index".' in C:\xampp\htdocs\yii\framework\web\CWebApplication.php:286
Stack trace:
#0 C:\xampp\htdocs\yii\framework\web\CWebApplication.php(141): CWebApplication->runController('clothing/index')
#1 C:\xampp\htdocs\yii\framework\base\CApplication.php(180): CWebApplication->processRequest()
#2 C:\xampp\htdocs\workspace_php\horse-bank\index.php(15): CApplication->run()
#3 {main}
REQUEST_URI=/workspace_php/horse-bank/index.php/clothing/index
HTTP_REFERER=http://localhost/workspace_php/horse-bank/index.php/feedstock/index
---
2014/03/22 17:32:38 [error] [exception.CHttpException.404] exception 'CHttpException' with message 'Não foi possível resolver a requisição "feedstock/index".' in C:\xampp\htdocs\yii\framework\web\CWebApplication.php:286
Stack trace:
#0 C:\xampp\htdocs\yii\framework\web\CWebApplication.php(141): CWebApplication->runController('feedstock/index')
#1 C:\xampp\htdocs\yii\framework\base\CApplication.php(180): CWebApplication->processRequest()
#2 C:\xampp\htdocs\workspace_php\horse-bank\index.php(15): CApplication->run()
#3 {main}
REQUEST_URI=/workspace_php/horse-bank/index.php/feedstock/index
HTTP_REFERER=http://localhost/workspace_php/horse-bank/index.php/site/login
---
2014/03/22 17:32:41 [error] [exception.CHttpException.404] exception 'CHttpException' with message 'Não foi possível resolver a requisição "user/index".' in C:\xampp\htdocs\yii\framework\web\CWebApplication.php:286
Stack trace:
#0 C:\xampp\htdocs\yii\framework\web\CWebApplication.php(141): CWebApplication->runController('user/index')
#1 C:\xampp\htdocs\yii\framework\base\CApplication.php(180): CWebApplication->processRequest()
#2 C:\xampp\htdocs\workspace_php\horse-bank\index.php(15): CApplication->run()
#3 {main}
REQUEST_URI=/workspace_php/horse-bank/index.php/user/index
HTTP_REFERER=http://localhost/workspace_php/horse-bank/index.php/feedstock/index
---
2014/03/22 17:37:29 [error] [exception.CHttpException.404] exception 'CHttpException' with message 'Não foi possível resolver a requisição "clothing/index".' in C:\xampp\htdocs\yii\framework\web\CWebApplication.php:286
Stack trace:
#0 C:\xampp\htdocs\yii\framework\web\CWebApplication.php(141): CWebApplication->runController('clothing/index')
#1 C:\xampp\htdocs\yii\framework\base\CApplication.php(180): CWebApplication->processRequest()
#2 C:\xampp\htdocs\workspace_php\horse-bank\index.php(15): CApplication->run()
#3 {main}
REQUEST_URI=/workspace_php/horse-bank/index.php/clothing/index
HTTP_REFERER=http://localhost/workspace_php/horse-bank/index.php/site/contact
---
2014/03/22 17:37:33 [error] [exception.CHttpException.404] exception 'CHttpException' with message 'Não foi possível resolver a requisição "feedstock/index".' in C:\xampp\htdocs\yii\framework\web\CWebApplication.php:286
Stack trace:
#0 C:\xampp\htdocs\yii\framework\web\CWebApplication.php(141): CWebApplication->runController('feedstock/index')
#1 C:\xampp\htdocs\yii\framework\base\CApplication.php(180): CWebApplication->processRequest()
#2 C:\xampp\htdocs\workspace_php\horse-bank\index.php(15): CApplication->run()
#3 {main}
REQUEST_URI=/workspace_php/horse-bank/index.php/feedstock/index
HTTP_REFERER=http://localhost/workspace_php/horse-bank/index.php/clothing/index
---
2014/03/22 17:37:37 [error] [exception.CHttpException.404] exception 'CHttpException' with message 'Não foi possível resolver a requisição "user/index".' in C:\xampp\htdocs\yii\framework\web\CWebApplication.php:286
Stack trace:
#0 C:\xampp\htdocs\yii\framework\web\CWebApplication.php(141): CWebApplication->runController('user/index')
#1 C:\xampp\htdocs\yii\framework\base\CApplication.php(180): CWebApplication->processRequest()
#2 C:\xampp\htdocs\workspace_php\horse-bank\index.php(15): CApplication->run()
#3 {main}
REQUEST_URI=/workspace_php/horse-bank/index.php/user/index
HTTP_REFERER=http://localhost/workspace_php/horse-bank/index.php/feedstock/index
---
2014/03/22 17:40:20 [error] [exception.CHttpException.404] exception 'CHttpException' with message 'Não foi possível resolver a requisição "clothing/index".' in C:\xampp\htdocs\yii\framework\web\CWebApplication.php:286
Stack trace:
#0 C:\xampp\htdocs\yii\framework\web\CWebApplication.php(141): CWebApplication->runController('clothing/index')
#1 C:\xampp\htdocs\yii\framework\base\CApplication.php(180): CWebApplication->processRequest()
#2 C:\xampp\htdocs\workspace_php\horse-bank\index.php(15): CApplication->run()
#3 {main}
REQUEST_URI=/workspace_php/horse-bank/index.php/clothing/index
HTTP_REFERER=http://localhost/workspace_php/horse-bank/index.php/site/contact
---
2014/03/22 17:57:37 [error] [exception.CHttpException.404] exception 'CHttpException' with message 'Não foi possível resolver a requisição "clothing/index".' in C:\xampp\htdocs\yii\framework\web\CWebApplication.php:286
Stack trace:
#0 C:\xampp\htdocs\yii\framework\web\CWebApplication.php(141): CWebApplication->runController('clothing/index')
#1 C:\xampp\htdocs\yii\framework\base\CApplication.php(180): CWebApplication->processRequest()
#2 C:\xampp\htdocs\workspace_php\horse-bank\index.php(15): CApplication->run()
#3 {main}
REQUEST_URI=/workspace_php/horse-bank/index.php/clothing/index
HTTP_REFERER=http://localhost/workspace_php/horse-bank/index.php/site/contact
---
2014/03/22 17:57:38 [error] [exception.CHttpException.404] exception 'CHttpException' with message 'Não foi possível resolver a requisição "feedstock/index".' in C:\xampp\htdocs\yii\framework\web\CWebApplication.php:286
Stack trace:
#0 C:\xampp\htdocs\yii\framework\web\CWebApplication.php(141): CWebApplication->runController('feedstock/index')
#1 C:\xampp\htdocs\yii\framework\base\CApplication.php(180): CWebApplication->processRequest()
#2 C:\xampp\htdocs\workspace_php\horse-bank\index.php(15): CApplication->run()
#3 {main}
REQUEST_URI=/workspace_php/horse-bank/index.php/feedstock/index
HTTP_REFERER=http://localhost/workspace_php/horse-bank/index.php/clothing/index
---
2014/03/22 17:57:39 [error] [exception.CHttpException.404] exception 'CHttpException' with message 'Não foi possível resolver a requisição "provider/index".' in C:\xampp\htdocs\yii\framework\web\CWebApplication.php:286
Stack trace:
#0 C:\xampp\htdocs\yii\framework\web\CWebApplication.php(141): CWebApplication->runController('provider/index')
#1 C:\xampp\htdocs\yii\framework\base\CApplication.php(180): CWebApplication->processRequest()
#2 C:\xampp\htdocs\workspace_php\horse-bank\index.php(15): CApplication->run()
#3 {main}
REQUEST_URI=/workspace_php/horse-bank/index.php/provider/index
HTTP_REFERER=http://localhost/workspace_php/horse-bank/index.php/feedstock/index
---
2014/03/22 17:57:39 [error] [exception.CHttpException.404] exception 'CHttpException' with message 'Não foi possível resolver a requisição "user/index".' in C:\xampp\htdocs\yii\framework\web\CWebApplication.php:286
Stack trace:
#0 C:\xampp\htdocs\yii\framework\web\CWebApplication.php(141): CWebApplication->runController('user/index')
#1 C:\xampp\htdocs\yii\framework\base\CApplication.php(180): CWebApplication->processRequest()
#2 C:\xampp\htdocs\workspace_php\horse-bank\index.php(15): CApplication->run()
#3 {main}
REQUEST_URI=/workspace_php/horse-bank/index.php/user/index
HTTP_REFERER=http://localhost/workspace_php/horse-bank/index.php/provider/index
---
2014/03/22 18:09:26 [error] [exception.CHttpException.404] exception 'CHttpException' with message 'Não foi possível resolver a requisição "user/index".' in C:\xampp\htdocs\yii\framework\web\CWebApplication.php:286
Stack trace:
#0 C:\xampp\htdocs\yii\framework\web\CWebApplication.php(141): CWebApplication->runController('user/index')
#1 C:\xampp\htdocs\yii\framework\base\CApplication.php(180): CWebApplication->processRequest()
#2 C:\xampp\htdocs\workspace_php\horse-bank\index.php(15): CApplication->run()
#3 {main}
REQUEST_URI=/workspace_php/horse-bank/index.php/user/index
HTTP_REFERER=http://localhost/workspace_php/horse-bank/index.php/site/page?view=about
---
2014/03/22 18:18:07 [error] [exception.CHttpException.404] exception 'CHttpException' with message 'Não foi possível resolver a requisição "user/index".' in C:\xampp\htdocs\yii\framework\web\CWebApplication.php:286
Stack trace:
#0 C:\xampp\htdocs\yii\framework\web\CWebApplication.php(141): CWebApplication->runController('user/index')
#1 C:\xampp\htdocs\yii\framework\base\CApplication.php(180): CWebApplication->processRequest()
#2 C:\xampp\htdocs\workspace_php\horse-bank\index.php(15): CApplication->run()
#3 {main}
REQUEST_URI=/workspace_php/horse-bank/index.php/user/index
HTTP_REFERER=http://localhost/workspace_php/horse-bank/index.php
---
2014/03/22 18:21:38 [error] [exception.CHttpException.404] exception 'CHttpException' with message 'Não foi possível resolver a requisição "user/index".' in C:\xampp\htdocs\yii\framework\web\CWebApplication.php:286
Stack trace:
#0 C:\xampp\htdocs\yii\framework\web\CWebApplication.php(141): CWebApplication->runController('user/index')
#1 C:\xampp\htdocs\yii\framework\base\CApplication.php(180): CWebApplication->processRequest()
#2 C:\xampp\htdocs\workspace_php\horse-bank\index.php(15): CApplication->run()
#3 {main}
REQUEST_URI=/workspace_php/horse-bank/index.php/user/index
HTTP_REFERER=http://localhost/workspace_php/horse-bank/index.php
---
2014/03/23 00:30:30 [error] [exception.CException] exception 'CException' with message 'O alias "bootstrap.widgets.Tb" é inválido. Assegure-se de que ele aponta para um arquivo PHP existente.' in C:\xampp\htdocs\yii\framework\YiiBase.php:322
Stack trace:
#0 C:\xampp\htdocs\yii\framework\web\CWidgetFactory.php(146): YiiBase::import('bootstrap.widge...', true)
#1 C:\xampp\htdocs\yii\framework\web\CBaseController.php(146): CWidgetFactory->createWidget(Object(SiteController), 'bootstrap.widge...', Array)
#2 C:\xampp\htdocs\yii\framework\web\CBaseController.php(189): CBaseController->createWidget('bootstrap.widge...', Array)
#3 C:\xampp\htdocs\workspace_php\horse-bank\themes\bootstrap\views\site\index.php(9): CBaseController->beginWidget('bootstrap.widge...', Array)
#4 C:\xampp\htdocs\yii\framework\web\CBaseController.php(126): require('C:\xampp\htdocs...')
#5 C:\xampp\htdocs\yii\framework\web\CBaseController.php(95): CBaseController->renderInternal('C:\xampp\htdocs...', NULL, true)
#6 C:\xampp\htdocs\yii\framework\web\CController.php(869): CBaseController->renderFile('C:\xampp\htdocs...', NULL, true)
#7 C:\xampp\htdocs\yii\framework\web\CController.php(782): CController->renderPartial('index', NULL, true)
#8 C:\xampp\htdocs\workspace_php\horse-bank\protected\controllers\SiteController.php(32): CController->render('index')
#9 C:\xampp\htdocs\yii\framework\web\actions\CInlineAction.php(49): SiteController->actionIndex()
#10 C:\xampp\htdocs\yii\framework\web\CController.php(308): CInlineAction->runWithParams(Array)
#11 C:\xampp\htdocs\yii\framework\web\CController.php(286): CController->runAction(Object(CInlineAction))
#12 C:\xampp\htdocs\yii\framework\web\CController.php(265): CController->runActionWithFilters(Object(CInlineAction), Array)
#13 C:\xampp\htdocs\yii\framework\web\CWebApplication.php(282): CController->run('')
#14 C:\xampp\htdocs\yii\framework\web\CWebApplication.php(141): CWebApplication->runController('')
#15 C:\xampp\htdocs\yii\framework\base\CApplication.php(180): CWebApplication->processRequest()
#16 C:\xampp\htdocs\workspace_php\horse-bank\index.php(15): CApplication->run()
#17 {main}
REQUEST_URI=/workspace_php/horse-bank/index.php
HTTP_REFERER=http://localhost/workspace_php/horse-bank/index.php/site/contact
---
2014/03/23 00:30:53 [error] [exception.CHttpException.404] exception 'CHttpException' with message 'Não foi possível resolver a requisição "user/index".' in C:\xampp\htdocs\yii\framework\web\CWebApplication.php:286
Stack trace:
#0 C:\xampp\htdocs\yii\framework\web\CWebApplication.php(141): CWebApplication->runController('user/index')
#1 C:\xampp\htdocs\yii\framework\base\CApplication.php(180): CWebApplication->processRequest()
#2 C:\xampp\htdocs\workspace_php\horse-bank\index.php(15): CApplication->run()
#3 {main}
REQUEST_URI=/workspace_php/horse-bank/index.php/user/index
HTTP_REFERER=http://localhost/workspace_php/horse-bank/index.php
---
2014/03/23 00:31:04 [error] [exception.CHttpException.404] exception 'CHttpException' with message 'Não foi possível resolver a requisição "user/index".' in C:\xampp\htdocs\yii\framework\web\CWebApplication.php:286
Stack trace:
#0 C:\xampp\htdocs\yii\framework\web\CWebApplication.php(141): CWebApplication->runController('user/index')
#1 C:\xampp\htdocs\yii\framework\base\CApplication.php(180): CWebApplication->processRequest()
#2 C:\xampp\htdocs\workspace_php\horse-bank\index.php(15): CApplication->run()
#3 {main}
REQUEST_URI=/workspace_php/horse-bank/index.php/user/index
HTTP_REFERER=http://localhost/workspace_php/horse-bank/index.php
---
2014/04/02 22:15:58 [error] [exception.CHttpException.404] exception 'CHttpException' with message 'O sistema não foi capaz de encontrar a ação "images" solicitada.' in C:\xampp\htdocs\yii\framework\web\CController.php:483
Stack trace:
#0 C:\xampp\htdocs\yii\framework\web\CController.php(270): CController->missingAction('images')
#1 C:\xampp\htdocs\yii\framework\web\CWebApplication.php(282): CController->run('images')
#2 C:\xampp\htdocs\yii\framework\web\CWebApplication.php(141): CWebApplication->runController('site/images/vid...')
#3 C:\xampp\htdocs\yii\framework\base\CApplication.php(180): CWebApplication->processRequest()
#4 C:\xampp\htdocs\workspace_php\horse-bank\index.php(15): CApplication->run()
#5 {main}
REQUEST_URI=/workspace_php/horse-bank/index.php/site/images/vidal.png
HTTP_REFERER=http://localhost/workspace_php/horse-bank/index.php/site/login
---
2014/04/02 22:16:00 [error] [exception.CHttpException.404] exception 'CHttpException' with message 'O sistema não foi capaz de encontrar a ação "images" solicitada.' in C:\xampp\htdocs\yii\framework\web\CController.php:483
Stack trace:
#0 C:\xampp\htdocs\yii\framework\web\CController.php(270): CController->missingAction('images')
#1 C:\xampp\htdocs\yii\framework\web\CWebApplication.php(282): CController->run('images')
#2 C:\xampp\htdocs\yii\framework\web\CWebApplication.php(141): CWebApplication->runController('site/images/vid...')
#3 C:\xampp\htdocs\yii\framework\base\CApplication.php(180): CWebApplication->processRequest()
#4 C:\xampp\htdocs\workspace_php\horse-bank\index.php(15): CApplication->run()
#5 {main}
REQUEST_URI=/workspace_php/horse-bank/index.php/site/images/vidal.png
HTTP_REFERER=http://localhost/workspace_php/horse-bank/index.php/site/index
---
2014/04/02 22:16:04 [error] [exception.CHttpException.404] exception 'CHttpException' with message 'O sistema não foi capaz de encontrar a ação "images" solicitada.' in C:\xampp\htdocs\yii\framework\web\CController.php:483
Stack trace:
#0 C:\xampp\htdocs\yii\framework\web\CController.php(270): CController->missingAction('images')
#1 C:\xampp\htdocs\yii\framework\web\CWebApplication.php(282): CController->run('images')
#2 C:\xampp\htdocs\yii\framework\web\CWebApplication.php(141): CWebApplication->runController('site/images/vid...')
#3 C:\xampp\htdocs\yii\framework\base\CApplication.php(180): CWebApplication->processRequest()
#4 C:\xampp\htdocs\workspace_php\horse-bank\index.php(15): CApplication->run()
#5 {main}
REQUEST_URI=/workspace_php/horse-bank/index.php/site/images/vidal.png
HTTP_REFERER=http://localhost/workspace_php/horse-bank/index.php/site/index
---
2014/04/02 22:16:06 [error] [exception.CHttpException.404] exception 'CHttpException' with message 'O sistema não foi capaz de encontrar a ação "images" solicitada.' in C:\xampp\htdocs\yii\framework\web\CController.php:483
Stack trace:
#0 C:\xampp\htdocs\yii\framework\web\CController.php(270): CController->missingAction('images')
#1 C:\xampp\htdocs\yii\framework\web\CWebApplication.php(282): CController->run('images')
#2 C:\xampp\htdocs\yii\framework\web\CWebApplication.php(141): CWebApplication->runController('site/images/vid...')
#3 C:\xampp\htdocs\yii\framework\base\CApplication.php(180): CWebApplication->processRequest()
#4 C:\xampp\htdocs\workspace_php\horse-bank\index.php(15): CApplication->run()
#5 {main}
REQUEST_URI=/workspace_php/horse-bank/index.php/site/images/vidal.png
HTTP_REFERER=http://localhost/workspace_php/horse-bank/index.php/site/index
---
2014/04/02 22:16:07 [error] [exception.CHttpException.404] exception 'CHttpException' with message 'O sistema não foi capaz de encontrar a ação "images" solicitada.' in C:\xampp\htdocs\yii\framework\web\CController.php:483
Stack trace:
#0 C:\xampp\htdocs\yii\framework\web\CController.php(270): CController->missingAction('images')
#1 C:\xampp\htdocs\yii\framework\web\CWebApplication.php(282): CController->run('images')
#2 C:\xampp\htdocs\yii\framework\web\CWebApplication.php(141): CWebApplication->runController('site/images/vid...')
#3 C:\xampp\htdocs\yii\framework\base\CApplication.php(180): CWebApplication->processRequest()
#4 C:\xampp\htdocs\workspace_php\horse-bank\index.php(15): CApplication->run()
#5 {main}
REQUEST_URI=/workspace_php/horse-bank/index.php/site/images/vidal.png
HTTP_REFERER=http://localhost/workspace_php/horse-bank/index.php/site/index
---
2014/04/02 22:16:23 [error] [exception.CHttpException.404] exception 'CHttpException' with message 'Não foi possível resolver a requisição "user/index".' in C:\xampp\htdocs\yii\framework\web\CWebApplication.php:286
Stack trace:
#0 C:\xampp\htdocs\yii\framework\web\CWebApplication.php(141): CWebApplication->runController('user/index')
#1 C:\xampp\htdocs\yii\framework\base\CApplication.php(180): CWebApplication->processRequest()
#2 C:\xampp\htdocs\workspace_php\horse-bank\index.php(15): CApplication->run()
#3 {main}
REQUEST_URI=/workspace_php/horse-bank/index.php/user/index
HTTP_REFERER=http://localhost/workspace_php/horse-bank/index.php
---
2014/04/02 22:16:23 [error] [exception.CHttpException.404] exception 'CHttpException' with message 'Não foi possível resolver a requisição "user/images/vidal.png".' in C:\xampp\htdocs\yii\framework\web\CWebApplication.php:286
Stack trace:
#0 C:\xampp\htdocs\yii\framework\web\CWebApplication.php(141): CWebApplication->runController('user/images/vid...')
#1 C:\xampp\htdocs\yii\framework\base\CApplication.php(180): CWebApplication->processRequest()
#2 C:\xampp\htdocs\workspace_php\horse-bank\index.php(15): CApplication->run()
#3 {main}
REQUEST_URI=/workspace_php/horse-bank/index.php/user/images/vidal.png
HTTP_REFERER=http://localhost/workspace_php/horse-bank/index.php/user/index
---
2014/04/02 22:16:25 [error] [exception.CHttpException.404] exception 'CHttpException' with message 'O sistema não foi capaz de encontrar a ação "images" solicitada.' in C:\xampp\htdocs\yii\framework\web\CController.php:483
Stack trace:
#0 C:\xampp\htdocs\yii\framework\web\CController.php(270): CController->missingAction('images')
#1 C:\xampp\htdocs\yii\framework\web\CWebApplication.php(282): CController->run('images')
#2 C:\xampp\htdocs\yii\framework\web\CWebApplication.php(141): CWebApplication->runController('site/images/vid...')
#3 C:\xampp\htdocs\yii\framework\base\CApplication.php(180): CWebApplication->processRequest()
#4 C:\xampp\htdocs\workspace_php\horse-bank\index.php(15): CApplication->run()
#5 {main}
REQUEST_URI=/workspace_php/horse-bank/index.php/site/images/vidal.png
HTTP_REFERER=http://localhost/workspace_php/horse-bank/index.php/site/login
---
2014/04/02 22:18:27 [error] [exception.CException] exception 'CException' with message 'SiteController possui uma chamada endWidget() extra em sua visualização.' in C:\xampp\htdocs\yii\framework\web\CBaseController.php:210
Stack trace:
#0 C:\xampp\htdocs\workspace_php\horse-bank\themes\bootstrap\views\site\index.php(17): CBaseController->endWidget()
#1 C:\xampp\htdocs\yii\framework\web\CBaseController.php(126): require('C:\xampp\htdocs...')
#2 C:\xampp\htdocs\yii\framework\web\CBaseController.php(95): CBaseController->renderInternal('C:\xampp\htdocs...', NULL, true)
#3 C:\xampp\htdocs\yii\framework\web\CController.php(869): CBaseController->renderFile('C:\xampp\htdocs...', NULL, true)
#4 C:\xampp\htdocs\yii\framework\web\CController.php(782): CController->renderPartial('index', NULL, true)
#5 C:\xampp\htdocs\workspace_php\horse-bank\protected\controllers\SiteController.php(32): CController->render('index')
#6 C:\xampp\htdocs\yii\framework\web\actions\CInlineAction.php(49): SiteController->actionIndex()
#7 C:\xampp\htdocs\yii\framework\web\CController.php(308): CInlineAction->runWithParams(Array)
#8 C:\xampp\htdocs\yii\framework\web\CController.php(286): CController->runAction(Object(CInlineAction))
#9 C:\xampp\htdocs\yii\framework\web\CController.php(265): CController->runActionWithFilters(Object(CInlineAction), Array)
#10 C:\xampp\htdocs\yii\framework\web\CWebApplication.php(282): CController->run('')
#11 C:\xampp\htdocs\yii\framework\web\CWebApplication.php(141): CWebApplication->runController('')
#12 C:\xampp\htdocs\yii\framework\base\CApplication.php(180): CWebApplication->processRequest()
#13 C:\xampp\htdocs\workspace_php\horse-bank\index.php(15): CApplication->run()
#14 {main}
REQUEST_URI=/workspace_php/horse-bank/index.php
HTTP_REFERER=http://localhost/workspace_php/horse-bank/index.php/site/login
---
2014/04/02 22:20:12 [error] [exception.CHttpException.404] exception 'CHttpException' with message 'Não foi possível resolver a requisição "user/index".' in C:\xampp\htdocs\yii\framework\web\CWebApplication.php:286
Stack trace:
#0 C:\xampp\htdocs\yii\framework\web\CWebApplication.php(141): CWebApplication->runController('user/index')
#1 C:\xampp\htdocs\yii\framework\base\CApplication.php(180): CWebApplication->processRequest()
#2 C:\xampp\htdocs\workspace_php\horse-bank\index.php(15): CApplication->run()
#3 {main}
REQUEST_URI=/workspace_php/horse-bank/index.php/user/index
HTTP_REFERER=http://localhost/workspace_php/horse-bank/index.php
---
2014/04/02 22:20:15 [error] [exception.CHttpException.404] exception 'CHttpException' with message 'O sistema não foi capaz de encontrar a ação "images" solicitada.' in C:\xampp\htdocs\yii\framework\web\CController.php:483
Stack trace:
#0 C:\xampp\htdocs\yii\framework\web\CController.php(270): CController->missingAction('images')
#1 C:\xampp\htdocs\yii\framework\web\CWebApplication.php(282): CController->run('images')
#2 C:\xampp\htdocs\yii\framework\web\CWebApplication.php(141): CWebApplication->runController('site/images/vid...')
#3 C:\xampp\htdocs\yii\framework\base\CApplication.php(180): CWebApplication->processRequest()
#4 C:\xampp\htdocs\workspace_php\horse-bank\index.php(15): CApplication->run()
#5 {main}
REQUEST_URI=/workspace_php/horse-bank/index.php/site/images/vidal.png
HTTP_REFERER=http://localhost/workspace_php/horse-bank/index.php/site/index
---
2014/04/02 22:20:30 [error] [exception.CHttpException.404] exception 'CHttpException' with message 'O sistema não foi capaz de encontrar a ação "images" solicitada.' in C:\xampp\htdocs\yii\framework\web\CController.php:483
Stack trace:
#0 C:\xampp\htdocs\yii\framework\web\CController.php(270): CController->missingAction('images')
#1 C:\xampp\htdocs\yii\framework\web\CWebApplication.php(282): CController->run('images')
#2 C:\xampp\htdocs\yii\framework\web\CWebApplication.php(141): CWebApplication->runController('site/images/vid...')
#3 C:\xampp\htdocs\yii\framework\base\CApplication.php(180): CWebApplication->processRequest()
#4 C:\xampp\htdocs\workspace_php\horse-bank\index.php(15): CApplication->run()
#5 {main}
REQUEST_URI=/workspace_php/horse-bank/index.php/site/images/vidal.png
HTTP_REFERER=http://localhost/workspace_php/horse-bank/index.php/site/index
---
2014/04/02 22:22:03 [error] [exception.CHttpException.404] exception 'CHttpException' with message 'O sistema não foi capaz de encontrar a ação "images" solicitada.' in C:\xampp\htdocs\yii\framework\web\CController.php:483
Stack trace:
#0 C:\xampp\htdocs\yii\framework\web\CController.php(270): CController->missingAction('images')
#1 C:\xampp\htdocs\yii\framework\web\CWebApplication.php(282): CController->run('images')
#2 C:\xampp\htdocs\yii\framework\web\CWebApplication.php(141): CWebApplication->runController('site/images/vid...')
#3 C:\xampp\htdocs\yii\framework\base\CApplication.php(180): CWebApplication->processRequest()
#4 C:\xampp\htdocs\workspace_php\horse-bank\index.php(15): CApplication->run()
#5 {main}
REQUEST_URI=/workspace_php/horse-bank/index.php/site/images/vidal.png
HTTP_REFERER=http://localhost/workspace_php/horse-bank/index.php/site/index
---
2014/04/02 22:22:13 [error] [exception.CHttpException.404] exception 'CHttpException' with message 'Não foi possível resolver a requisição "user/index".' in C:\xampp\htdocs\yii\framework\web\CWebApplication.php:286
Stack trace:
#0 C:\xampp\htdocs\yii\framework\web\CWebApplication.php(141): CWebApplication->runController('user/index')
#1 C:\xampp\htdocs\yii\framework\base\CApplication.php(180): CWebApplication->processRequest()
#2 C:\xampp\htdocs\workspace_php\horse-bank\index.php(15): CApplication->run()
#3 {main}
REQUEST_URI=/workspace_php/horse-bank/index.php/user/index
HTTP_REFERER=http://localhost/workspace_php/horse-bank/index.php
---
2014/04/02 22:22:14 [error] [exception.CHttpException.404] exception 'CHttpException' with message 'Não foi possível resolver a requisição "user/index".' in C:\xampp\htdocs\yii\framework\web\CWebApplication.php:286
Stack trace:
#0 C:\xampp\htdocs\yii\framework\web\CWebApplication.php(141): CWebApplication->runController('user/index')
#1 C:\xampp\htdocs\yii\framework\base\CApplication.php(180): CWebApplication->processRequest()
#2 C:\xampp\htdocs\workspace_php\horse-bank\index.php(15): CApplication->run()
#3 {main}
REQUEST_URI=/workspace_php/horse-bank/index.php/user/index
HTTP_REFERER=http://localhost/workspace_php/horse-bank/index.php/user/index
---
2014/04/05 21:53:05 [error] [exception.CHttpException.404] exception 'CHttpException' with message 'Não foi possível resolver a requisição "user/index".' in C:\xampp\htdocs\yii\framework\web\CWebApplication.php:286
Stack trace:
#0 C:\xampp\htdocs\yii\framework\web\CWebApplication.php(141): CWebApplication->runController('user/index')
#1 C:\xampp\htdocs\yii\framework\base\CApplication.php(180): CWebApplication->processRequest()
#2 C:\xampp\htdocs\workspace_php\horse-bank\index.php(15): CApplication->run()
#3 {main}
REQUEST_URI=/workspace_php/horse-bank/index.php/user/index
HTTP_REFERER=http://localhost/workspace_php/horse-bank/index.php
---
2014/04/05 22:48:24 [error] [exception.CHttpException.404] exception 'CHttpException' with message 'Não foi possível resolver a requisição "gi".' in C:\xampp\htdocs\yii\framework\web\CWebApplication.php:286
Stack trace:
#0 C:\xampp\htdocs\yii\framework\web\CWebApplication.php(141): CWebApplication->runController('gi')
#1 C:\xampp\htdocs\yii\framework\base\CApplication.php(180): CWebApplication->processRequest()
#2 C:\xampp\htdocs\workspace_php\horse-bank\index.php(15): CApplication->run()
#3 {main}
REQUEST_URI=/workspace_php/horse-bank/index.php/gi
---
2014/04/05 22:49:26 [error] [system.db.CDbCommand] Falha ao executar CDbCommand::fetchAll(): SQLSTATE[42S02]: Base table or view not found: 1146 Table 'vestibulum.bigdate' doesn't exist. A declaração SQL executada foi: SHOW FULL COLUMNS FROM `bigdate`.
in C:\xampp\htdocs\workspace_php\horse-bank\index.php (15)
2014/04/05 22:50:26 [error] [system.db.CDbCommand] Falha ao executar CDbCommand::fetchAll(): SQLSTATE[42S02]: Base table or view not found: 1146 Table 'vestibulum.bigdate' doesn't exist. A declaração SQL executada foi: SHOW FULL COLUMNS FROM `bigdate`.
in C:\xampp\htdocs\workspace_php\horse-bank\index.php (15)
2014/04/06 12:14:26 [error] [exception.CHttpException.404] exception 'CHttpException' with message 'Não foi possível resolver a requisição "user/index".' in C:\xampp\htdocs\yii\framework\web\CWebApplication.php:286
Stack trace:
#0 C:\xampp\htdocs\yii\framework\web\CWebApplication.php(141): CWebApplication->runController('user/index')
#1 C:\xampp\htdocs\yii\framework\base\CApplication.php(180): CWebApplication->processRequest()
#2 C:\xampp\htdocs\workspace_php\horse-bank\index.php(15): CApplication->run()
#3 {main}
REQUEST_URI=/workspace_php/horse-bank/index.php/user/index
HTTP_REFERER=http://localhost/workspace_php/horse-bank/index.php
---
2014/04/06 12:16:00 [error] [exception.CHttpException.404] exception 'CHttpException' with message 'Não foi possível resolver a requisição "user/index".' in C:\xampp\htdocs\yii\framework\web\CWebApplication.php:286
Stack trace:
#0 C:\xampp\htdocs\yii\framework\web\CWebApplication.php(141): CWebApplication->runController('user/index')
#1 C:\xampp\htdocs\yii\framework\base\CApplication.php(180): CWebApplication->processRequest()
#2 C:\xampp\htdocs\workspace_php\horse-bank\index.php(15): CApplication->run()
#3 {main}
REQUEST_URI=/workspace_php/horse-bank/index.php/user/index
HTTP_REFERER=http://localhost/workspace_php/horse-bank/index.php
---
2014/04/06 12:16:04 [error] [exception.CDbException] exception 'CDbException' with message 'CDbConnection failed to open the DB connection: SQLSTATE[HY000] [1045] Access denied for user 'comms318_lucas'@'localhost' (using password: YES)' in C:\xampp\htdocs\yii\framework\db\CDbConnection.php:382
Stack trace:
#0 C:\xampp\htdocs\yii\framework\db\CDbConnection.php(330): CDbConnection->open()
#1 C:\xampp\htdocs\yii\framework\db\CDbConnection.php(308): CDbConnection->setActive(true)
#2 C:\xampp\htdocs\yii\framework\base\CModule.php(387): CDbConnection->init()
#3 C:\xampp\htdocs\yii\framework\base\CApplication.php(450): CModule->getComponent('db')
#4 C:\xampp\htdocs\yii\framework\db\ar\CActiveRecord.php(634): CApplication->getDb()
#5 C:\xampp\htdocs\yii\framework\db\ar\CActiveRecord.php(2361): CActiveRecord->getDbConnection()
#6 C:\xampp\htdocs\yii\framework\db\ar\CActiveRecord.php(411): CActiveRecordMetaData->__construct(Object(Bigdate))
#7 C:\xampp\htdocs\yii\framework\db\ar\CActiveRecord.php(79): CActiveRecord->getMetaData()
#8 C:\xampp\htdocs\workspace_php\horse-bank\protected\controllers\BigdateController.php(65): CActiveRecord->__construct()
#9 C:\xampp\htdocs\yii\framework\web\actions\CInlineAction.php(49): BigdateController->actionCreate()
#10 C:\xampp\htdocs\yii\framework\web\CController.php(308): CInlineAction->runWithParams(Array)
#11 C:\xampp\htdocs\yii\framework\web\filters\CFilterChain.php(133): CController->runAction(Object(CInlineAction))
#12 C:\xampp\htdocs\yii\framework\web\filters\CFilter.php(40): CFilterChain->run()
#13 C:\xampp\htdocs\yii\framework\web\CController.php(1145): CFilter->filter(Object(CFilterChain))
#14 C:\xampp\htdocs\yii\framework\web\filters\CInlineFilter.php(58): CController->filterAccessControl(Object(CFilterChain))
#15 C:\xampp\htdocs\yii\framework\web\filters\CFilterChain.php(130): CInlineFilter->filter(Object(CFilterChain))
#16 C:\xampp\htdocs\yii\framework\web\CController.php(291): CFilterChain->run()
#17 C:\xampp\htdocs\yii\framework\web\CController.php(265): CController->runActionWithFilters(Object(CInlineAction), Array)
#18 C:\xampp\htdocs\yii\framework\web\CWebApplication.php(282): CController->run('create')
#19 C:\xampp\htdocs\yii\framework\web\CWebApplication.php(141): CWebApplication->runController('bigdate/create')
#20 C:\xampp\htdocs\yii\framework\base\CApplication.php(180): CWebApplication->processRequest()
#21 C:\xampp\htdocs\workspace_php\horse-bank\index.php(15): CApplication->run()
#22 {main}
REQUEST_URI=/workspace_php/horse-bank/index.php/bigdate/create
HTTP_REFERER=http://localhost/workspace_php/horse-bank/index.php/user/index
---
2014/04/06 12:24:35 [error] [exception.CHttpException.404] exception 'CHttpException' with message 'Não foi possível resolver a requisição "user/index".' in C:\xampp\htdocs\yii\framework\web\CWebApplication.php:286
Stack trace:
#0 C:\xampp\htdocs\yii\framework\web\CWebApplication.php(141): CWebApplication->runController('user/index')
#1 C:\xampp\htdocs\yii\framework\base\CApplication.php(180): CWebApplication->processRequest()
#2 C:\xampp\htdocs\workspace_php\horse-bank\index.php(15): CApplication->run()
#3 {main}
REQUEST_URI=/workspace_php/horse-bank/index.php/user/index
HTTP_REFERER=http://localhost/workspace_php/horse-bank/index.php
---
2014/04/06 12:34:03 [error] [exception.CHttpException.404] exception 'CHttpException' with message 'Não foi possível resolver a requisição "user/index".' in C:\xampp\htdocs\yii\framework\web\CWebApplication.php:286
Stack trace:
#0 C:\xampp\htdocs\yii\framework\web\CWebApplication.php(141): CWebApplication->runController('user/index')
#1 C:\xampp\htdocs\yii\framework\base\CApplication.php(180): CWebApplication->processRequest()
#2 C:\xampp\htdocs\workspace_php\horse-bank\index.php(15): CApplication->run()
#3 {main}
REQUEST_URI=/workspace_php/horse-bank/index.php/user/index
HTTP_REFERER=http://localhost/workspace_php/horse-bank/index.php/bigdate/create
---
2014/04/07 09:11:22 [error] [exception.CHttpException.404] exception 'CHttpException' with message 'Não foi possível resolver a requisição "user/index".' in C:\xampp\htdocs\yii\framework\web\CWebApplication.php:286
Stack trace:
#0 C:\xampp\htdocs\yii\framework\web\CWebApplication.php(141): CWebApplication->runController('user/index')
#1 C:\xampp\htdocs\yii\framework\base\CApplication.php(180): CWebApplication->processRequest()
#2 C:\xampp\htdocs\workspace_php\horse-bank\index.php(15): CApplication->run()
#3 {main}
REQUEST_URI=/workspace_php/horse-bank/index.php/user/index
HTTP_REFERER=http://localhost/workspace_php/horse-bank/index.php
---
2014/04/07 22:47:44 [error] [exception.CHttpException.404] exception 'CHttpException' with message 'Não foi possível resolver a requisição "user/index".' in C:\xampp\htdocs\yii\framework\web\CWebApplication.php:286
Stack trace:
#0 C:\xampp\htdocs\yii\framework\web\CWebApplication.php(141): CWebApplication->runController('user/index')
#1 C:\xampp\htdocs\yii\framework\base\CApplication.php(180): CWebApplication->processRequest()
#2 C:\xampp\htdocs\workspace_php\horse-bank\index.php(15): CApplication->run()
#3 {main}
REQUEST_URI=/workspace_php/horse-bank/index.php/user/index
HTTP_REFERER=http://localhost/workspace_php/horse-bank/index.php
---
2014/04/07 22:48:26 [error] [exception.CHttpException.404] exception 'CHttpException' with message 'Não foi possível resolver a requisição "user/index".' in C:\xampp\htdocs\yii\framework\web\CWebApplication.php:286
Stack trace:
#0 C:\xampp\htdocs\yii\framework\web\CWebApplication.php(141): CWebApplication->runController('user/index')
#1 C:\xampp\htdocs\yii\framework\base\CApplication.php(180): CWebApplication->processRequest()
#2 C:\xampp\htdocs\workspace_php\horse-bank\index.php(15): CApplication->run()
#3 {main}
REQUEST_URI=/workspace_php/horse-bank/index.php/user/index
HTTP_REFERER=http://localhost/workspace_php/horse-bank/index.php
---
